

Microchip MPLAB XC8 Assembler V2.20 build 20200408173844 
                                                                                               Fri Aug 14 17:53:23 2020

Microchip MPLAB XC8 C Compiler v2.20 (Free license) build 20200408173844 Og1 
     1                           	processor	16F877A
     2                           	pagewidth 120
     3                           	opt	flic
     4                           	psect	cinit,global,class=CODE,merge=1,delta=2
     5                           	psect	cstackCOMMON,global,class=COMMON,space=1,delta=1,noexec
     6                           	psect	maintext,global,class=CODE,split=1,delta=2
     7                           	psect	text1,local,class=CODE,merge=1,delta=2
     8                           	psect	intentry,global,class=CODE,delta=2
     9                           	dabs	1,0x7E,2
    10  0000                     
    11                           ; Version 2.20
    12                           ; Generated 09/04/2020 GMT
    13                           ; 
    14                           ; Copyright © 2020, Microchip Technology Inc. and its subsidiaries ("Microchip")
    15                           ; All rights reserved.
    16                           ; 
    17                           ; This software is developed by Microchip Technology Inc. and its subsidiaries ("Microch
      +                          ip").
    18                           ; 
    19                           ; Redistribution and use in source and binary forms, with or without modification, are
    20                           ; permitted provided that the following conditions are met:
    21                           ; 
    22                           ;     1. Redistributions of source code must retain the above copyright notice, this lis
      +                          t of
    23                           ;        conditions and the following disclaimer.
    24                           ; 
    25                           ;     2. Redistributions in binary form must reproduce the above copyright notice, this 
      +                          list
    26                           ;        of conditions and the following disclaimer in the documentation and/or other
    27                           ;        materials provided with the distribution.
    28                           ; 
    29                           ;     3. Microchip's name may not be used to endorse or promote products derived from th
      +                          is
    30                           ;        software without specific prior written permission.
    31                           ; 
    32                           ; THIS SOFTWARE IS PROVIDED BY MICROCHIP "AS IS" AND ANY EXPRESS OR IMPLIED WARRANTIES,
    33                           ; INCLUDING, BUT NOT LIMITED TO, THE IMPLIED WARRANTIES OF MERCHANTABILITY AND FITNESS F
      +                          OR
    34                           ; PURPOSE ARE DISCLAIMED.  IN NO EVENT SHALL MICROCHIP BE LIABLE FOR ANY DIRECT, INDIREC
      +                          T,
    35                           ; INCIDENTAL, SPECIAL, EXEMPLARY, OR CONSEQUENTIAL DAMAGES (INCLUDING BUT NOT LIMITED TO
    36                           ; PROCUREMENT OF SUBSTITUTE GOODS OR SERVICES; LOSS OF USE, DATA OR PROFITS; OR BUSINESS
    37                           ; INTERRUPTION) HOWSOEVER CAUSED AND ON ANY THEORY OF LIABILITY, WHETHER IN CONTRACT, ST
      +                          RICT
    38                           ; LIABILITY, OR TORT (INCLUDING NEGLIGENCE OR OTHERWISE) ARISING IN ANY WAY OUT OF THE U
      +                          SE OF
    39                           ; THIS SOFTWARE, EVEN IF ADVISED OF THE POSSIBILITY OF SUCH DAMAGE.
    40                           ; 
    41                           ; 
    42                           ; Code-generator required, PIC16F877A Definitions
    43                           ; 
    44                           ; SFR Addresses
    45  0000                     	;# 
    46  0001                     	;# 
    47  0002                     	;# 
    48  0003                     	;# 
    49  0004                     	;# 
    50  0005                     	;# 
    51  0006                     	;# 
    52  0007                     	;# 
    53  0008                     	;# 
    54  0009                     	;# 
    55  000A                     	;# 
    56  000B                     	;# 
    57  000C                     	;# 
    58  000D                     	;# 
    59  000E                     	;# 
    60  000E                     	;# 
    61  000F                     	;# 
    62  0010                     	;# 
    63  0011                     	;# 
    64  0012                     	;# 
    65  0013                     	;# 
    66  0014                     	;# 
    67  0015                     	;# 
    68  0015                     	;# 
    69  0016                     	;# 
    70  0017                     	;# 
    71  0018                     	;# 
    72  0019                     	;# 
    73  001A                     	;# 
    74  001B                     	;# 
    75  001B                     	;# 
    76  001C                     	;# 
    77  001D                     	;# 
    78  001E                     	;# 
    79  001F                     	;# 
    80  0081                     	;# 
    81  0085                     	;# 
    82  0086                     	;# 
    83  0087                     	;# 
    84  0088                     	;# 
    85  0089                     	;# 
    86  008C                     	;# 
    87  008D                     	;# 
    88  008E                     	;# 
    89  0091                     	;# 
    90  0092                     	;# 
    91  0093                     	;# 
    92  0094                     	;# 
    93  0098                     	;# 
    94  0099                     	;# 
    95  009C                     	;# 
    96  009D                     	;# 
    97  009E                     	;# 
    98  009F                     	;# 
    99  010C                     	;# 
   100  010D                     	;# 
   101  010E                     	;# 
   102  010F                     	;# 
   103  018C                     	;# 
   104  018D                     	;# 
   105  0000                     	;# 
   106  0001                     	;# 
   107  0002                     	;# 
   108  0003                     	;# 
   109  0004                     	;# 
   110  0005                     	;# 
   111  0006                     	;# 
   112  0007                     	;# 
   113  0008                     	;# 
   114  0009                     	;# 
   115  000A                     	;# 
   116  000B                     	;# 
   117  000C                     	;# 
   118  000D                     	;# 
   119  000E                     	;# 
   120  000E                     	;# 
   121  000F                     	;# 
   122  0010                     	;# 
   123  0011                     	;# 
   124  0012                     	;# 
   125  0013                     	;# 
   126  0014                     	;# 
   127  0015                     	;# 
   128  0015                     	;# 
   129  0016                     	;# 
   130  0017                     	;# 
   131  0018                     	;# 
   132  0019                     	;# 
   133  001A                     	;# 
   134  001B                     	;# 
   135  001B                     	;# 
   136  001C                     	;# 
   137  001D                     	;# 
   138  001E                     	;# 
   139  001F                     	;# 
   140  0081                     	;# 
   141  0085                     	;# 
   142  0086                     	;# 
   143  0087                     	;# 
   144  0088                     	;# 
   145  0089                     	;# 
   146  008C                     	;# 
   147  008D                     	;# 
   148  008E                     	;# 
   149  0091                     	;# 
   150  0092                     	;# 
   151  0093                     	;# 
   152  0094                     	;# 
   153  0098                     	;# 
   154  0099                     	;# 
   155  009C                     	;# 
   156  009D                     	;# 
   157  009E                     	;# 
   158  009F                     	;# 
   159  010C                     	;# 
   160  010D                     	;# 
   161  010E                     	;# 
   162  010F                     	;# 
   163  018C                     	;# 
   164  018D                     	;# 
   165  000E                     _TMR1	set	14
   166  0080                     _TMR1ON	set	128
   167  005F                     _GIE	set	95
   168  005E                     _PEIE	set	94
   169  0060                     _TMR1IF	set	96
   170  0031                     _RB1	set	49
   171  0085                     _T1CKPS1	set	133
   172  0084                     _T1CKPS0	set	132
   173  0082                     _T1SYNC	set	130
   174  0081                     _TMR1CS	set	129
   175  0460                     _TMR1IE	set	1120
   176  0431                     _TRISB1	set	1073
   177                           
   178                           	psect	cinit
   179  000F                     start_initialization:	
   180                           ; #config settings
   181                           
   182  000F                     __initialization:
   183  000F                     end_of_initialization:	
   184                           ;End of C runtime variable initialization code
   185                           
   186  000F                     __end_of__initialization:
   187  000F  0183               	clrf	3
   188  0010  120A  118A  2813   	ljmp	_main	;jump to C main() function
   189                           
   190                           	psect	cstackCOMMON
   191  0070                     __pcstackCOMMON:
   192  0070                     ?_main:
   193  0070                     ?_ISR:	
   194                           ; 1 bytes @ 0x0
   195                           
   196  0070                     ??_ISR:	
   197                           ; 1 bytes @ 0x0
   198                           
   199                           
   200                           ; 1 bytes @ 0x0
   201  0070                     	ds	2
   202  0072                     ??_main:
   203                           
   204                           	psect	maintext
   205  0013                     __pmaintext:	
   206                           ; 1 bytes @ 0x2
   207 ;;
   208 ;;Main: autosize = 0, tempsize = 0, incstack = 0, save=0
   209 ;;
   210 ;; *************** function _main *****************
   211 ;; Defined at:
   212 ;;		line 14 in file "counter.c"
   213 ;; Parameters:    Size  Location     Type
   214 ;;		None
   215 ;; Auto vars:     Size  Location     Type
   216 ;;		None
   217 ;; Return value:  Size  Location     Type
   218 ;;                  1    wreg      void 
   219 ;; Registers used:
   220 ;;		None
   221 ;; Tracked objects:
   222 ;;		On entry : B00/0
   223 ;;		On exit  : 0/0
   224 ;;		Unchanged: 0/0
   225 ;; Data sizes:     COMMON   BANK0   BANK1   BANK3   BANK2
   226 ;;      Params:         0       0       0       0       0
   227 ;;      Locals:         0       0       0       0       0
   228 ;;      Temps:          0       0       0       0       0
   229 ;;      Totals:         0       0       0       0       0
   230 ;;Total ram usage:        0 bytes
   231 ;; Hardware stack levels required when called:    1
   232 ;; This function calls:
   233 ;;		Nothing
   234 ;; This function is called by:
   235 ;;		Startup code after reset
   236 ;; This function uses a non-reentrant model
   237 ;;
   238                           
   239                           
   240                           ;psect for function _main
   241  0013                     _main:
   242  0013                     l630:	
   243                           ;incstack = 0
   244                           ; Regs used in _main: []
   245                           
   246                           
   247                           ;counter.c: 15:     TRISB1=0;
   248  0013  1683               	bsf	3,5	;RP0=1, select bank1
   249  0014  1303               	bcf	3,6	;RP1=0, select bank1
   250  0015  1086               	bcf	6,1	;volatile
   251                           
   252                           ;counter.c: 18:   TMR1 = 65534;
   253  0016  30FF               	movlw	255
   254  0017  1283               	bcf	3,5	;RP0=0, select bank0
   255  0018  1303               	bcf	3,6	;RP1=0, select bank0
   256  0019  008F               	movwf	15	;volatile
   257  001A  30FE               	movlw	254
   258  001B  008E               	movwf	14	;volatile
   259                           
   260                           ;counter.c: 20:   TMR1CS = 1;
   261  001C  1490               	bsf	16,1	;volatile
   262                           
   263                           ;counter.c: 21:   T1SYNC=1;
   264  001D  1510               	bsf	16,2	;volatile
   265                           
   266                           ;counter.c: 24:   T1CKPS0 = 0;
   267  001E  1210               	bcf	16,4	;volatile
   268                           
   269                           ;counter.c: 25:   T1CKPS1 = 0;
   270  001F  1290               	bcf	16,5	;volatile
   271                           
   272                           ;counter.c: 27:   RB1 = 0;
   273  0020  1086               	bcf	6,1	;volatile
   274                           
   275                           ;counter.c: 31:   TMR1IE = 1;
   276  0021  1683               	bsf	3,5	;RP0=1, select bank1
   277  0022  1303               	bcf	3,6	;RP1=0, select bank1
   278  0023  140C               	bsf	12,0	;volatile
   279                           
   280                           ;counter.c: 32:   TMR1IF = 0;
   281  0024  1283               	bcf	3,5	;RP0=0, select bank0
   282  0025  1303               	bcf	3,6	;RP1=0, select bank0
   283  0026  100C               	bcf	12,0	;volatile
   284                           
   285                           ;counter.c: 33:   PEIE = 1;
   286  0027  170B               	bsf	11,6	;volatile
   287                           
   288                           ;counter.c: 34:   GIE = 1;
   289  0028  178B               	bsf	11,7	;volatile
   290                           
   291                           ;counter.c: 36:  TMR1ON = 1;
   292  0029  1410               	bsf	16,0	;volatile
   293  002A                     l29:	
   294                           ;counter.c: 37: while(1){
   295                           
   296  002A                     l30:	
   297                           ;counter.c: 40: }
   298                           
   299  002A  282A               	goto	l29
   300  002B  120A  118A  280C   	ljmp	start
   301  002E                     __end_of_main:
   302                           
   303                           	psect	text1
   304  002E                     __ptext1:	
   305 ;; *************** function _ISR *****************
   306 ;; Defined at:
   307 ;;		line 43 in file "counter.c"
   308 ;; Parameters:    Size  Location     Type
   309 ;;		None
   310 ;; Auto vars:     Size  Location     Type
   311 ;;		None
   312 ;; Return value:  Size  Location     Type
   313 ;;                  1    wreg      void 
   314 ;; Registers used:
   315 ;;		wreg
   316 ;; Tracked objects:
   317 ;;		On entry : 0/0
   318 ;;		On exit  : 0/0
   319 ;;		Unchanged: 0/0
   320 ;; Data sizes:     COMMON   BANK0   BANK1   BANK3   BANK2
   321 ;;      Params:         0       0       0       0       0
   322 ;;      Locals:         0       0       0       0       0
   323 ;;      Temps:          2       0       0       0       0
   324 ;;      Totals:         2       0       0       0       0
   325 ;;Total ram usage:        2 bytes
   326 ;; Hardware stack levels used:    1
   327 ;; This function calls:
   328 ;;		Nothing
   329 ;; This function is called by:
   330 ;;		Interrupt level 1
   331 ;; This function uses a non-reentrant model
   332 ;;
   333                           
   334                           
   335                           ;psect for function _ISR
   336  002E                     _ISR:
   337  002E                     i1l632:
   338                           
   339                           ;counter.c: 45:      if (TMR1IF)
   340  002E  1283               	bcf	3,5	;RP0=0, select bank0
   341  002F  1303               	bcf	3,6	;RP1=0, select bank0
   342  0030  1C0C               	btfss	12,0	;volatile
   343  0031  2833               	goto	u1_21
   344  0032  2834               	goto	u1_20
   345  0033                     u1_21:
   346  0033  2836               	goto	i1l636
   347  0034                     u1_20:
   348  0034                     i1l634:
   349                           
   350                           ;counter.c: 46:    {;counter.c: 49:         RB1 = ~RB1;
   351  0034  3002               	movlw	2
   352  0035  0686               	xorwf	6,f
   353  0036                     i1l636:
   354                           
   355                           ;counter.c: 53:        TMR1IF = 0;
   356  0036  100C               	bcf	12,0	;volatile
   357  0037                     i1l638:
   358                           
   359                           ;counter.c: 54:        TMR1=65534;
   360  0037  30FF               	movlw	255
   361  0038  008F               	movwf	15	;volatile
   362  0039  30FE               	movlw	254
   363  003A  008E               	movwf	14	;volatile
   364  003B                     i1l38:
   365  003B  0871               	movf	??_ISR+1,w
   366  003C  008A               	movwf	10
   367  003D  0E70               	swapf	??_ISR^(0+4294967168),w
   368  003E  0083               	movwf	3
   369  003F  0EFE               	swapf	btemp,f
   370  0040  0E7E               	swapf	btemp,w
   371  0041  0009               	retfie
   372  0042                     __end_of_ISR:
   373  007E                     btemp	set	126	;btemp
   374  007E                     wtemp0	set	126
   375                           
   376                           	psect	intentry
   377  0004                     __pintentry:	
   378                           ;incstack = 0
   379                           ; Regs used in _ISR: [wreg]
   380                           
   381  0004                     interrupt_function:
   382  007E                     saved_w	set	btemp
   383  0004  00FE               	movwf	btemp
   384  0005  0E03               	swapf	3,w
   385  0006  00F0               	movwf	??_ISR
   386  0007  080A               	movf	10,w
   387  0008  00F1               	movwf	??_ISR+1
   388  0009  120A  118A  282E   	ljmp	_ISR

Data Sizes:
    Strings     0
    Constant    0
    Data        0
    BSS         0
    Persistent  0
    Stack       0

Auto Spaces:
    Space          Size  Autos    Used
    COMMON           14      2       2
    BANK0            80      0       0
    BANK1            80      0       0
    BANK3            96      0       0
    BANK2            96      0       0

Pointer List with Targets:

    None.

Critical Paths under _main in COMMON

    None.

Critical Paths under _ISR in COMMON

    None.

Critical Paths under _main in BANK0

    None.

Critical Paths under _ISR in BANK0

    None.

Critical Paths under _main in BANK1

    None.

Critical Paths under _ISR in BANK1

    None.

Critical Paths under _main in BANK3

    None.

Critical Paths under _ISR in BANK3

    None.

Critical Paths under _main in BANK2

    None.

Critical Paths under _ISR in BANK2

    None.

Call Graph Tables:

 ---------------------------------------------------------------------------------
 (Depth) Function   	        Calls       Base Space   Used Autos Params    Refs
 ---------------------------------------------------------------------------------
 (0) _main                                                 0     0      0       0
 ---------------------------------------------------------------------------------
 Estimated maximum stack depth 0
 ---------------------------------------------------------------------------------
 (Depth) Function   	        Calls       Base Space   Used Autos Params    Refs
 ---------------------------------------------------------------------------------
 (1) _ISR                                                  2     2      0       0
                                              0 COMMON     2     2      0
 ---------------------------------------------------------------------------------
 Estimated maximum stack depth 1
 ---------------------------------------------------------------------------------

 Call Graph Graphs:

 _main (ROOT)

 _ISR (ROOT)

 Address spaces:
Name               Size   Autos  Total    Cost      Usage
BITCOMMON            E      0       0       0        0.0%
EEDATA             100      0       0       0        0.0%
NULL                 0      0       0       0        0.0%
CODE                 0      0       0       0        0.0%
COMMON               E      2       2       1       14.3%
BITSFR0              0      0       0       1        0.0%
SFR0                 0      0       0       1        0.0%
BITSFR1              0      0       0       2        0.0%
SFR1                 0      0       0       2        0.0%
STACK                0      0       0       2        0.0%
ABS                  0      0       0       3        0.0%
BITBANK0            50      0       0       4        0.0%
BITSFR3              0      0       0       4        0.0%
SFR3                 0      0       0       4        0.0%
BANK0               50      0       0       5        0.0%
BITSFR2              0      0       0       5        0.0%
SFR2                 0      0       0       5        0.0%
BITBANK1            50      0       0       6        0.0%
BANK1               50      0       0       7        0.0%
BITBANK3            60      0       0       8        0.0%
BANK3               60      0       0       9        0.0%
BITBANK2            60      0       0      10        0.0%
BANK2               60      0       0      11        0.0%
DATA                 0      0       0      12        0.0%


Microchip Technology PIC Macro Assembler V2.20 build 20200408173844 
Symbol Table                                                                                   Fri Aug 14 17:53:23 2020

                     l30 002A                       l29 002A                      l630 0013  
                    _GIE 005F                      _RB1 0031                      _ISR 002E  
                   ?_ISR 0070                     _PEIE 005E                     i1l38 003B  
                   _TMR1 000E                     u1_20 0034                     u1_21 0033  
                   _main 0013                     btemp 007E                     start 000C  
                  ??_ISR 0070                    ?_main 0070                    i1l632 002E  
                  i1l634 0034                    i1l636 0036                    i1l638 0037  
                  pclath 000A                    status 0003                    wtemp0 007E  
        __initialization 000F             __end_of_main 002E                   ??_main 0072  
                 _T1SYNC 0082                   _TMR1IE 0460                   _TMR1IF 0060  
                 _TMR1CS 0081                   _TMR1ON 0080                   _TRISB1 0431  
                 saved_w 007E  __end_of__initialization 000F           __pcstackCOMMON 0070  
             __pmaintext 0013               __pintentry 0004                  _T1CKPS0 0084  
                _T1CKPS1 0085                  __ptext1 002E             __size_of_ISR 0014  
   end_of_initialization 000F      start_initialization 000F              __end_of_ISR 0042  
              ___latbits 0002        interrupt_function 0004            __size_of_main 001B  
               intlevel1 0000  
